2025-04-03 22:17:49,591 - DEBUG - STREAM b'IHDR' 16 13
2025-04-03 22:17:49,592 - DEBUG - STREAM b'caBX' 41 80410
2025-04-03 22:17:49,592 - DEBUG - b'caBX' 41 80410 (unknown)
2025-04-03 22:17:49,592 - DEBUG - STREAM b'IDAT' 80463 65536
2025-04-03 22:17:49,631 - INFO - Successfully set PNG icon from assets/honey_editor.png
2025-04-03 22:22:23,965 - DEBUG - STREAM b'IHDR' 16 13
2025-04-03 22:22:23,966 - DEBUG - STREAM b'caBX' 41 80410
2025-04-03 22:22:23,966 - DEBUG - b'caBX' 41 80410 (unknown)
2025-04-03 22:22:23,966 - DEBUG - STREAM b'IDAT' 80463 65536
2025-04-03 22:22:24,003 - INFO - Successfully set PNG icon from assets/honey_editor.png
2025-04-03 22:22:49,057 - INFO - Updated honey value to 9999999
2025-04-03 22:24:24,612 - DEBUG - STREAM b'IHDR' 16 13
2025-04-03 22:24:24,613 - DEBUG - STREAM b'caBX' 41 80410
2025-04-03 22:24:24,613 - DEBUG - b'caBX' 41 80410 (unknown)
2025-04-03 22:24:24,613 - DEBUG - STREAM b'IDAT' 80463 65536
2025-04-03 22:24:24,650 - INFO - Successfully set PNG icon from assets/honey_editor.png
2025-04-03 22:44:20,731 - DEBUG - STREAM b'IHDR' 16 13
2025-04-03 22:44:20,731 - DEBUG - STREAM b'caBX' 41 80410
2025-04-03 22:44:20,731 - DEBUG - b'caBX' 41 80410 (unknown)
2025-04-03 22:44:20,731 - DEBUG - STREAM b'IDAT' 80463 65536
2025-04-03 22:44:20,770 - INFO - Successfully set PNG icon from assets/honey_editor.png
